<?xml version="1.0" encoding="UTF-8"?>
<!-- Generated by org.testng.reporters.JUnitReportReporter -->
<testsuite skipped="0" hostname="DESKTOP-N308L1J" name="test.LoginTest" tests="1" failures="0" timestamp="10 Oct 2021 16:42:02 GMT" time="10.126" errors="0">
  <testcase name="validUserShouldBeAbleToLogin" time="10.126" classname="test.LoginTest"/>
</testsuite> <!-- test.LoginTest -->
